STAR version=2.7.8a
STAR compilation time,server,dir=Sat Feb 20 13:34:37 EST 2021 vega:/home/dobin/data/STAR/STARcode/STAR.master/source
##### Command Line:
STAR --runThreadN 1 --runMode genomeGenerate --genomeSAindexNbases 7 --genomeDir . --genomeFastaFiles ../all_viral_masked.fa
##### Initial USER parameters from Command Line:
###### All USER parameters from Command Line:
runThreadN                    1     ~RE-DEFINED
runMode                       genomeGenerate        ~RE-DEFINED
genomeSAindexNbases           7     ~RE-DEFINED
genomeDir                     .     ~RE-DEFINED
genomeFastaFiles              ../all_viral_masked.fa        ~RE-DEFINED
##### Finished reading parameters from all sources

##### Final user re-defined parameters-----------------:
runMode                           genomeGenerate   
runThreadN                        1
genomeDir                         .
genomeFastaFiles                  ../all_viral_masked.fa   
genomeSAindexNbases               7

-------------------------------
##### Final effective command line:
STAR   --runMode genomeGenerate      --runThreadN 1   --genomeDir .   --genomeFastaFiles ../all_viral_masked.fa      --genomeSAindexNbases 7
----------------------------------------

Number of fastq files for each mate = 1
ParametersSolo: --soloCellFilterType CellRanger2.2 filtering parameters:  3000 0.99 10
Finished loading and checking parameters
--genomeDir directory exists and will be overwritten: ./
Jun 28 17:35:21 ... starting to generate Genome files
../all_viral_masked.fa : chr # 0  "gnl|hbvnuc|AB219428_FT00000_C-B_Feature_FT:source_AB219428_FT00000_C-B_of[Viruses]|Hepatitis_B_Virus_genotype_B_(isolate_Patient__4076,|PNN3)_Complete_genome_[Retro-transcribing_viruses](length=3215_residues)" chrStart: 0
../all_viral_masked.fa : chr # 1  "gi|397053|emb|X74483.1|Human_papillomavirus_type_56_genomic_DNA" chrStart: 262144
../all_viral_masked.fa : chr # 2  "gi|733573629|ref|NC_010277.2|Merkel_cell_polyomavirus_isolate_R17b,_complete_genome" chrStart: 524288
../all_viral_masked.fa : chr # 3  "gnl|hbvnuc|GQ924620_FT00000_C-C_Feature_FT:source_GQ924620_FT00000_C-C_of[Viruses]|Hepatitis_B_Virus_genotype_C_(isolate_M38)_Complete_genome_[Retro-transcribing_viruses](length=3215_residues)" chrStart: 786432
../all_viral_masked.fa : chr # 4  "gi|222386|dbj|D90400.1|PPH58_Human_papillomavirus_type_58_complete_genome" chrStart: 1048576
../all_viral_masked.fa : chr # 5  "gi|82503188|ref|NC_007605.1|Human_herpesvirus_4_complete_wild_type_genome" chrStart: 1310720
../all_viral_masked.fa : chr # 6  "gi|1057485909|ref|NC_030791.1|Hepatitis_C_virus_genotype_7,_complete_genome" chrStart: 1572864
../all_viral_masked.fa : chr # 7  "gi|139424470|ref|NC_009334.1|:83074-86532_Human_herpesvirus_4,_complete_genome" chrStart: 1835008
../all_viral_masked.fa : chr # 8  "gnl|hbvnuc|AY738145_FT00000_C-E_Feature_FT:source_AY738145_FT00000_C-E_of[Viruses]|Hepatitis_B_Virus_genotype_E_(isolate_patient_B,7/98)_Complete_genome_[Retro-transcribing_viruses](length=3212_residues)" chrStart: 2097152
../all_viral_masked.fa : chr # 9  "gi|139424470|ref|NC_009334.1|:36201-37565_Human_herpesvirus_4,_complete_genome" chrStart: 2359296
../all_viral_masked.fa : chr # 10  "gi|139424470|ref|NC_009334.1|:86654-89937_Human_herpesvirus_4,_complete_genome" chrStart: 2621440
../all_viral_masked.fa : chr # 11  "gnl|hbvnuc|FJ904433_FT00000_C-D_Feature_FT:source_FJ904433_FT00000_C-D_of[Viruses]|Hepatitis_B_Virus_genotype_D_(isolate_B15)_Complete_genome_[Retro-transcribing_viruses](length=3182_residues)" chrStart: 2883584
../all_viral_masked.fa : chr # 12  "gi|22129792|ref|NC_004102.1|_Hepatitis_C_virus_genotype_1,_complete_genome" chrStart: 3145728
../all_viral_masked.fa : chr # 13  "gi|139424470|ref|NC_009334.1|:80026-82888_Human_herpesvirus_4,_complete_genome" chrStart: 3407872
../all_viral_masked.fa : chr # 14  "gi|9629357|ref|NC_001802.1|Human_immunodeficiency_virus_1,_complete_genome" chrStart: 3670016
../all_viral_masked.fa : chr # 15  "gi|139472801|ref|NC_009333.1|Human_herpesvirus_8,_complete_genome" chrStart: 3932160
../all_viral_masked.fa : chr # 16  "gnl|hbvnuc|AB064313_FT00000_C-G_Feature_FT:source_AB064313_FT00000_C-G_of[Viruses]|Hepatitis_B_Virus_genotype_G_Complete_genome_[Retro-transcribing_viruses](length=3248_residues)" chrStart: 4194304
../all_viral_masked.fa : chr # 17  "gi|397038|emb|X74481.1|Human_papillomavirus_type_52_genomic_DNA" chrStart: 4456448
../all_viral_masked.fa : chr # 18  "gi|333048|gb|J04353.1|PPH31A_Human_papillomavirus_type_31_(HPV-31)_complete_genome" chrStart: 4718592
../all_viral_masked.fa : chr # 19  "gi|157781214|ref|NC_009827.1|Hepatitis_C_virus_genotype_6,_complete_genome" chrStart: 4980736
../all_viral_masked.fa : chr # 20  "gi|396997|emb|X74477.1|Human_papillomavirus_type_35H_genomic_DNA" chrStart: 5242880
../all_viral_masked.fa : chr # 21  "gi|9628880|ref|NC_001722.1|Human_immunodeficiency_virus_2,_complete_genome" chrStart: 5505024
../all_viral_masked.fa : chr # 22  "gi|333049|gb|M12732.1|PPH33CG_Human_papillomavirus_type_33,_complete_genome" chrStart: 5767168
../all_viral_masked.fa : chr # 23  "gi|9626453|ref|NC_001436.1|Human_T-lymphotropic_virus_1,_complete_genome" chrStart: 6029312
../all_viral_masked.fa : chr # 24  "gi|60975|emb|X05015.1|Human_papillomavirus_type_18_E6,_E7,_E1,_E2,_E4,_E5,_L1" chrStart: 6291456
../all_viral_masked.fa : chr # 25  "gi|157781216|ref|NC_009824.1|Hepatitis_C_virus_genotype_3,_genome" chrStart: 6553600
../all_viral_masked.fa : chr # 26  "gnl|hbvnuc|AY090458_FT00000_C-F_Feature_FT:source_AY090458_FT00000_C-F_of[Viruses]|Hepatitis_B_Virus_genotype_F_Complete_genome_[Retro-transcribing_viruses](length=3215_residues)" chrStart: 6815744
../all_viral_masked.fa : chr # 27  "gi|333031|gb|K02718.1|PPH16_Human_papillomavirus_type_16_(HPV16),_complete_genome" chrStart: 7077888
../all_viral_masked.fa : chr # 28  "gnl|hbvnuc|FJ356716_FT00000_C-H_Feature_FT:source_FJ356716_FT00000_C-H_of[Viruses]|Hepatitis_B_Virus_genotype_H_(isolate_CL150171)_Complete_genome_[Retro-transcribing_viruses](length=3215_residues)" chrStart: 7340032
../all_viral_masked.fa : chr # 29  "gnl|hbvnuc|EU054331_FT00000_C-A_Feature_FT:source_EU054331_FT00000_C-A_of[Viruses]|Hepatitis_B_Virus_genotype_A_Complete_genome_[Retro-transcribing_viruses](length=3221_residues)" chrStart: 7602176
../all_viral_masked.fa : chr # 30  "gi|157781212|ref|NC_009823.1|Hepatitis_C_virus_genotype_2,_complete_genome" chrStart: 7864320
../all_viral_masked.fa : chr # 31  "gi|157781208|ref|NC_009825.1|Hepatitis_C_virus_genotype_4,_genome" chrStart: 8126464
../all_viral_masked.fa : chr # 32  "gi|157781210|ref|NC_009826.1|Hepatitis_C_virus_genotype_5,_genome" chrStart: 8388608
../all_viral_masked.fa : chr # 33  "gi|397022|emb|X74479.1|Human_papillomavirus_type_45_genomic_DNA" chrStart: 8650752
Chromosome sequence lengths: 
gnl|hbvnuc|AB219428_FT00000_C-B_Feature_FT:source_AB219428_FT00000_C-B_of[Viruses]|Hepatitis_B_Virus_genotype_B_(isolate_Patient__4076,|PNN3)_Complete_genome_[Retro-transcribing_viruses](length=3215_residues)	3215
gi|397053|emb|X74483.1|Human_papillomavirus_type_56_genomic_DNA	7844
gi|733573629|ref|NC_010277.2|Merkel_cell_polyomavirus_isolate_R17b,_complete_genome	5387
gnl|hbvnuc|GQ924620_FT00000_C-C_Feature_FT:source_GQ924620_FT00000_C-C_of[Viruses]|Hepatitis_B_Virus_genotype_C_(isolate_M38)_Complete_genome_[Retro-transcribing_viruses](length=3215_residues)	3215
gi|222386|dbj|D90400.1|PPH58_Human_papillomavirus_type_58_complete_genome	7824
gi|82503188|ref|NC_007605.1|Human_herpesvirus_4_complete_wild_type_genome	171823
gi|1057485909|ref|NC_030791.1|Hepatitis_C_virus_genotype_7,_complete_genome	9443
gi|139424470|ref|NC_009334.1|:83074-86532_Human_herpesvirus_4,_complete_genome	3459
gnl|hbvnuc|AY738145_FT00000_C-E_Feature_FT:source_AY738145_FT00000_C-E_of[Viruses]|Hepatitis_B_Virus_genotype_E_(isolate_patient_B,7/98)_Complete_genome_[Retro-transcribing_viruses](length=3212_residues)	3212
gi|139424470|ref|NC_009334.1|:36201-37565_Human_herpesvirus_4,_complete_genome	1365
gi|139424470|ref|NC_009334.1|:86654-89937_Human_herpesvirus_4,_complete_genome	3284
gnl|hbvnuc|FJ904433_FT00000_C-D_Feature_FT:source_FJ904433_FT00000_C-D_of[Viruses]|Hepatitis_B_Virus_genotype_D_(isolate_B15)_Complete_genome_[Retro-transcribing_viruses](length=3182_residues)	3182
gi|22129792|ref|NC_004102.1|_Hepatitis_C_virus_genotype_1,_complete_genome	9646
gi|139424470|ref|NC_009334.1|:80026-82888_Human_herpesvirus_4,_complete_genome	2863
gi|9629357|ref|NC_001802.1|Human_immunodeficiency_virus_1,_complete_genome	9181
gi|139472801|ref|NC_009333.1|Human_herpesvirus_8,_complete_genome	137969
gnl|hbvnuc|AB064313_FT00000_C-G_Feature_FT:source_AB064313_FT00000_C-G_of[Viruses]|Hepatitis_B_Virus_genotype_G_Complete_genome_[Retro-transcribing_viruses](length=3248_residues)	3248
gi|397038|emb|X74481.1|Human_papillomavirus_type_52_genomic_DNA	7942
gi|333048|gb|J04353.1|PPH31A_Human_papillomavirus_type_31_(HPV-31)_complete_genome	7912
gi|157781214|ref|NC_009827.1|Hepatitis_C_virus_genotype_6,_complete_genome	9628
gi|396997|emb|X74477.1|Human_papillomavirus_type_35H_genomic_DNA	7879
gi|9628880|ref|NC_001722.1|Human_immunodeficiency_virus_2,_complete_genome	10359
gi|333049|gb|M12732.1|PPH33CG_Human_papillomavirus_type_33,_complete_genome	7909
gi|9626453|ref|NC_001436.1|Human_T-lymphotropic_virus_1,_complete_genome	8507
gi|60975|emb|X05015.1|Human_papillomavirus_type_18_E6,_E7,_E1,_E2,_E4,_E5,_L1	7857
gi|157781216|ref|NC_009824.1|Hepatitis_C_virus_genotype_3,_genome	9456
gnl|hbvnuc|AY090458_FT00000_C-F_Feature_FT:source_AY090458_FT00000_C-F_of[Viruses]|Hepatitis_B_Virus_genotype_F_Complete_genome_[Retro-transcribing_viruses](length=3215_residues)	3215
gi|333031|gb|K02718.1|PPH16_Human_papillomavirus_type_16_(HPV16),_complete_genome	7904
gnl|hbvnuc|FJ356716_FT00000_C-H_Feature_FT:source_FJ356716_FT00000_C-H_of[Viruses]|Hepatitis_B_Virus_genotype_H_(isolate_CL150171)_Complete_genome_[Retro-transcribing_viruses](length=3215_residues)	3215
gnl|hbvnuc|EU054331_FT00000_C-A_Feature_FT:source_EU054331_FT00000_C-A_of[Viruses]|Hepatitis_B_Virus_genotype_A_Complete_genome_[Retro-transcribing_viruses](length=3221_residues)	3221
gi|157781212|ref|NC_009823.1|Hepatitis_C_virus_genotype_2,_complete_genome	9711
gi|157781208|ref|NC_009825.1|Hepatitis_C_virus_genotype_4,_genome	9355
gi|157781210|ref|NC_009826.1|Hepatitis_C_virus_genotype_5,_genome	9343
gi|397022|emb|X74479.1|Human_papillomavirus_type_45_genomic_DNA	7858
Genome sequence total length = 517431
Genome size with padding = 8912896
Estimated genome size with padding and SJs: total=genome+SJ=209912896 = 8912896 + 201000000
GstrandBit=32
Number of SA indices: 1032904
Jun 28 17:35:21 ... starting to sort Suffix Array. This may take a long time...
Number of chunks: 1;   chunks size limit: 18589304400 bytes
Jun 28 17:35:21 ... sorting Suffix Array chunks and saving them to disk...
Writing 8263232 bytes into .//SA_0 ; empty space on disk = 57336053760 bytes ... done
Jun 28 17:35:22 ... loading chunks from disk, packing SA...
Jun 28 17:35:22 ... finished generating suffix array
Jun 28 17:35:22 ... generating Suffix Array index
Jun 28 17:35:22 ... completed Suffix Array index
Jun 28 17:35:22 ... writing Genome to disk ...
Writing 8912896 bytes into .//Genome ; empty space on disk = 57336049664 bytes ... done
SA size in bytes: 4260732
Jun 28 17:35:22 ... writing Suffix Array to disk ...
Writing 4260732 bytes into .//SA ; empty space on disk = 57327136768 bytes ... done
Jun 28 17:35:22 ... writing SAindex to disk
Writing 8 bytes into .//SAindex ; empty space on disk = 57322872832 bytes ... done
Writing 64 bytes into .//SAindex ; empty space on disk = 57322872832 bytes ... done
Writing 95571 bytes into .//SAindex ; empty space on disk = 57322872832 bytes ... done
Jun 28 17:35:22 ..... finished successfully
DONE: Genome generation, EXITING
